<?xml version="1.0" encoding="UTF-8"?>
<!-- Generated by org.testng.reporters.JUnitReportReporter -->
<testsuite skipped="0" hostname="DESKTOP-ADGCHK6" name="com.ebanking.scripts.SampleNG" tests="2" failures="0" timestamp="2022-06-15T19:48:35 IST" time="30.803" errors="0">
  <testcase name="bcd" time="16.059" classname="com.ebanking.scripts.SampleNG"/>
  <system-out/>
  <testcase name="abc" time="14.744" classname="com.ebanking.scripts.SampleNG"/>
  <system-out/>
</testsuite> <!-- com.ebanking.scripts.SampleNG -->
