<?xml version="1.0" encoding="UTF-8"?>
<!-- Generated by org.testng.reporters.JUnitReportReporter -->
<testsuite skipped="0" hostname="DESKTOP-ADGCHK6" name="com.ebanking.master.RoleNg" tests="3" failures="0" timestamp="2022-06-16T20:21:45 IST" time="5.872" errors="0">
  <testcase name="Rol" time="1.991" classname="com.ebanking.master.RoleNg"/>
  <system-out/>
  <testcase name="Rol" time="2.098" classname="com.ebanking.master.RoleNg"/>
  <system-out/>
  <testcase name="Rol" time="1.783" classname="com.ebanking.master.RoleNg"/>
  <system-out/>
</testsuite> <!-- com.ebanking.master.RoleNg -->
