<?xml version="1.0" encoding="UTF-8"?>
<!-- Generated by org.testng.reporters.JUnitReportReporter -->
<testsuite skipped="0" hostname="DESKTOP-ADGCHK6" name="com.ebanking.master.Sgrid" tests="2" failures="0" timestamp="2022-06-27T20:11:41 IST" time="96.061" errors="0">
  <testcase name="Gd" time="59.426" classname="com.ebanking.master.Sgrid"/>
  <system-out/>
  <testcase name="Gd" time="36.635" classname="com.ebanking.master.Sgrid"/>
  <system-out/>
</testsuite> <!-- com.ebanking.master.Sgrid -->
